<?xml version="1.0" encoding="UTF-8"?>
<!-- Generated by org.testng.reporters.JUnitXMLReporter -->
<testsuite ignored="0" hostname="LAPTOP-AC9SBVPN" failures="0" tests="10" name="Test" time="495.366" errors="0" timestamp="2021-12-12T13:52:04 IST">
  <testcase classname="com.testcases.LoginPageTest" name="titleTest" time="0.02"/>
  <testcase classname="com.testcases.LoginPageTest" name="validateLoginTest" time="61.875"/>
  <testcase classname="com.testcases.LoginPageTest" name="validateLoginTest" time="60.937"/>
  <testcase classname="com.testcases.LoginPageTest" name="validateLoginTest" time="61.286"/>
  <testcase classname="com.testcases.SearchTest" name="searchItems" time="41.387"/>
  <testcase classname="com.testcases.SearchTest" name="searchItems" time="42.76"/>
  <testcase classname="com.testcases.SearchTest" name="searchItems" time="42.669"/>
  <testcase classname="com.testcases.SearchTest" name="searchItems" time="43.451"/>
  <testcase classname="com.testcases.SortTestDOW" name="dowSortItems" time="24.91"/>
  <testcase classname="com.testcases.OrderItemTest" name="orderItemsTest" time="81.868"/>
</testsuite> <!-- Test -->
