<?xml version="1.0" encoding="UTF-8"?>
<!-- Generated by org.testng.reporters.JUnitXMLReporter -->
<testsuite ignored="1" hostname="LAPTOP-AC9SBVPN" failures="0" tests="1" name="Default test" time="13.764" errors="0" timestamp="2021-12-12T14:49:20 IST">
  <testcase classname="com.testcases.SearchTest" name="changeLocation" time="7.67"/>
  <testcase classname="com.testcases.SearchTest" name="searchItems" time="0.0">
    <ignored/>
  </testcase> <!-- searchItems -->
</testsuite> <!-- Default test -->
