<?xml version="1.0" encoding="UTF-8"?>
<testng-results ignored="1" total="2" passed="1" failed="0" skipped="0">
  <reporter-output>
  </reporter-output>
  <suite started-at="2021-12-12T14:49:06 IST" name="Default suite" finished-at="2021-12-12T14:49:20 IST" duration-ms="13764">
    <groups>
    </groups>
    <test started-at="2021-12-12T14:49:06 IST" name="Default test" finished-at="2021-12-12T14:49:20 IST" duration-ms="13764">
      <class name="com.testcases.SearchTest">
        <test-method is-config="true" signature="reportSetup()[pri:0, instance:com.testcases.SearchTest@5e600dd5]" started-at="2021-12-12T14:49:06 IST" name="reportSetup" finished-at="2021-12-12T14:49:06 IST" duration-ms="260" status="PASS">
          <reporter-output>
          </reporter-output>
        </test-method> <!-- reportSetup -->
        <test-method is-config="true" signature="launchBrowser()[pri:0, instance:com.testcases.SearchTest@5e600dd5]" started-at="2021-12-12T14:49:06 IST" name="launchBrowser" finished-at="2021-12-12T14:49:12 IST" duration-ms="5185" status="PASS">
          <reporter-output>
          </reporter-output>
        </test-method> <!-- launchBrowser -->
        <test-method signature="changeLocation()[pri:0, instance:com.testcases.SearchTest@5e600dd5]" started-at="2021-12-12T14:49:12 IST" name="changeLocation" finished-at="2021-12-12T14:49:19 IST" duration-ms="7670" status="PASS">
          <reporter-output>
          </reporter-output>
        </test-method> <!-- changeLocation -->
        <test-method is-config="true" signature="closeSetup()[pri:0, instance:com.testcases.SearchTest@5e600dd5]" started-at="2021-12-12T14:49:19 IST" name="closeSetup" finished-at="2021-12-12T14:49:20 IST" duration-ms="238" status="PASS">
          <reporter-output>
          </reporter-output>
        </test-method> <!-- closeSetup -->
        <test-method is-config="true" signature="closeReportSetup()[pri:0, instance:com.testcases.SearchTest@5e600dd5]" started-at="2021-12-12T14:49:20 IST" name="closeReportSetup" finished-at="2021-12-12T14:49:20 IST" duration-ms="383" status="PASS">
          <reporter-output>
          </reporter-output>
        </test-method> <!-- closeReportSetup -->
      </class> <!-- com.testcases.SearchTest -->
    </test> <!-- Default test -->
  </suite> <!-- Default suite -->
</testng-results>
